build/app/intermediates/manifest_merge_blame_file/debug/manifest-merger-blame-debug-report.txt
1<?xml version="1.0" encoding="utf-8"?>
2<manifest xmlns:android="http://schemas.android.com/apk/res/android"
3    package="com.igot.karmayogibharat"
4    android:versionCode="41"
5    android:versionName="3.7.7" >
6
7    <uses-sdk
8        android:minSdkVersion="21"
9        android:targetSdkVersion="33" />
10    <!--
11         Flutter needs it to communicate with the running application
12         to allow setting breakpoints, to provide hot reload, etc.
13    -->
14    <uses-permission android:name="android.permission.INTERNET" />
14-->src/main/AndroidManifest.xml:8:5-67
14-->src/main/AndroidManifest.xml:8:22-64
15    <!--
16     io.flutter.app.FlutterApplication is an android.app.Application that
17         calls FlutterMain.startInitialization(this); in its onCreate method.
18         In most cases you can leave this as-is, but you if you want to provide
19         additional functionality it is fine to subclass or reimplement
20         FlutterApplication and put your custom class here.
21    -->
22    <uses-permission android:name="android.permission.RECORD_AUDIO" />
22-->src/main/AndroidManifest.xml:7:5-71
22-->src/main/AndroidManifest.xml:7:22-68
23    <uses-permission android:name="android.permission.WRITE_EXTERNAL_STORAGE" />
23-->src/main/AndroidManifest.xml:10:5-81
23-->src/main/AndroidManifest.xml:10:22-78
24    <uses-permission
24-->src/main/AndroidManifest.xml:11:5-80
25        android:name="android.permission.READ_EXTERNAL_STORAGE"
25-->src/main/AndroidManifest.xml:11:22-77
26        android:maxSdkVersion="32" />
26-->[:open_file_plus] AndroidManifest.xml:12:9-35
27    <uses-permission android:name="android.permission.ACCESS_MEDIA_LOCATION" />
27-->src/main/AndroidManifest.xml:12:5-80
27-->src/main/AndroidManifest.xml:12:22-77
28    <uses-permission android:name="android.permission.BLUETOOTH" />
28-->src/main/AndroidManifest.xml:14:5-68
28-->src/main/AndroidManifest.xml:14:22-65
29    <uses-permission android:name="android.permission.BLUETOOTH_ADMIN" />
29-->src/main/AndroidManifest.xml:15:5-74
29-->src/main/AndroidManifest.xml:15:22-71
30    <uses-permission android:name="android.permission.ACCESS_COARSE_LOCATION" />
30-->src/main/AndroidManifest.xml:16:5-81
30-->src/main/AndroidManifest.xml:16:22-78
31    <uses-permission android:name="android.permission.ACCESS_FINE_LOCATION" />
31-->src/main/AndroidManifest.xml:17:5-78
31-->src/main/AndroidManifest.xml:17:22-76
32    <uses-permission android:name="android.permission.READ_MEDIA_IMAGES" />
32-->src/main/AndroidManifest.xml:18:5-76
32-->src/main/AndroidManifest.xml:18:22-73
33    <uses-permission android:name="android.permission.RECEIVE_BOOT_COMPLETED" />
33-->src/main/AndroidManifest.xml:19:5-80
33-->src/main/AndroidManifest.xml:19:22-78
34    <uses-permission android:name="android.permission.VIBRATE" />
34-->src/main/AndroidManifest.xml:20:5-66
34-->src/main/AndroidManifest.xml:20:22-63
35    <uses-permission android:name="android.permission.USE_FULL_SCREEN_INTENT" />
35-->src/main/AndroidManifest.xml:21:5-81
35-->src/main/AndroidManifest.xml:21:22-78
36    <uses-permission android:name="android.permission.POST_NOTIFICATIONS" />
36-->src/main/AndroidManifest.xml:22:5-76
36-->src/main/AndroidManifest.xml:22:22-74
37
38    <queries>
38-->src/main/AndroidManifest.xml:24:5-37:15
39        <intent>
39-->src/main/AndroidManifest.xml:25:9-28:18
40            <action android:name="android.intent.action.VIEW" />
40-->src/main/AndroidManifest.xml:26:13-65
40-->src/main/AndroidManifest.xml:26:21-62
41
42            <data android:scheme="https" />
42-->src/main/AndroidManifest.xml:27:13-44
42-->src/main/AndroidManifest.xml:27:19-41
43        </intent>
44        <intent>
44-->src/main/AndroidManifest.xml:29:9-32:18
45            <action android:name="android.intent.action.DIAL" />
45-->src/main/AndroidManifest.xml:30:13-65
45-->src/main/AndroidManifest.xml:30:21-62
46
47            <data android:scheme="tel" />
47-->src/main/AndroidManifest.xml:27:13-44
47-->src/main/AndroidManifest.xml:27:19-41
48        </intent>
49        <intent>
49-->src/main/AndroidManifest.xml:33:9-36:18
50            <action android:name="android.intent.action.SEND" />
50-->src/main/AndroidManifest.xml:34:13-65
50-->src/main/AndroidManifest.xml:34:21-62
51
52            <data android:mimeType="*/*" />
52-->src/main/AndroidManifest.xml:27:13-44
53        </intent>
54        <intent>
54-->[:flutter_inappwebview] AndroidManifest.xml:10:9-12:18
55            <action android:name="android.support.customtabs.action.CustomTabsService" />
55-->[:flutter_inappwebview] AndroidManifest.xml:11:13-90
55-->[:flutter_inappwebview] AndroidManifest.xml:11:21-87
56        </intent>
57        <intent>
57-->[androidx.media2:media2-session:1.2.1] AndroidManifest.xml:25:9-27:18
58            <action android:name="android.media.browse.MediaBrowserService" />
58-->[androidx.media2:media2-session:1.2.1] AndroidManifest.xml:26:13-79
58-->[androidx.media2:media2-session:1.2.1] AndroidManifest.xml:26:21-76
59        </intent>
60        <intent>
60-->[androidx.media2:media2-session:1.2.1] AndroidManifest.xml:28:9-30:18
61            <action android:name="androidx.media2.session.MediaSessionService" />
61-->[androidx.media2:media2-session:1.2.1] AndroidManifest.xml:29:13-82
61-->[androidx.media2:media2-session:1.2.1] AndroidManifest.xml:29:21-79
62        </intent>
63        <intent>
63-->[androidx.media2:media2-session:1.2.1] AndroidManifest.xml:31:9-33:18
64            <action android:name="androidx.media2.session.MediaLibraryService" />
64-->[androidx.media2:media2-session:1.2.1] AndroidManifest.xml:32:13-82
64-->[androidx.media2:media2-session:1.2.1] AndroidManifest.xml:32:21-79
65        </intent>
66    </queries>
67
68    <uses-permission android:name="android.permission.FOREGROUND_SERVICE" />
68-->src/main/AndroidManifest.xml:121:5-77
68-->src/main/AndroidManifest.xml:121:22-74
69    <uses-permission android:name="android.permission.WAKE_LOCK" />
69-->[:firebase_messaging] AndroidManifest.xml:10:5-68
69-->[:firebase_messaging] AndroidManifest.xml:10:22-65
70    <uses-permission android:name="android.permission.ACCESS_NETWORK_STATE" />
70-->[:firebase_messaging] AndroidManifest.xml:11:5-79
70-->[:firebase_messaging] AndroidManifest.xml:11:22-76
71    <uses-permission android:name="android.permission.SCHEDULE_EXACT_ALARM" />
71-->[:flutter_local_notifications] AndroidManifest.xml:12:5-79
71-->[:flutter_local_notifications] AndroidManifest.xml:12:22-76
72    <uses-permission android:name="android.permission.CAMERA" />
72-->[:mobile_scanner] AndroidManifest.xml:9:5-65
72-->[:mobile_scanner] AndroidManifest.xml:9:22-62
73
74    <uses-feature
74-->[:mobile_scanner] AndroidManifest.xml:11:5-13:36
75        android:name="android.hardware.camera"
75-->[:mobile_scanner] AndroidManifest.xml:12:9-47
76        android:required="false" /> <!-- Required by older versions of Google Play services to create IID tokens -->
76-->[:mobile_scanner] AndroidManifest.xml:13:9-33
77    <uses-permission android:name="com.google.android.c2dm.permission.RECEIVE" />
77-->[com.google.firebase:firebase-messaging:23.0.8] AndroidManifest.xml:29:5-82
77-->[com.google.firebase:firebase-messaging:23.0.8] AndroidManifest.xml:29:22-79
78    <uses-permission android:name="com.google.android.gms.permission.AD_ID" />
78-->[com.google.android.gms:play-services-measurement-api:21.1.1] AndroidManifest.xml:25:5-79
78-->[com.google.android.gms:play-services-measurement-api:21.1.1] AndroidManifest.xml:25:22-76
79    <uses-permission android:name="com.google.android.finsky.permission.BIND_GET_INSTALL_REFERRER_SERVICE" />
79-->[com.google.android.gms:play-services-measurement:21.1.1] AndroidManifest.xml:26:5-110
79-->[com.google.android.gms:play-services-measurement:21.1.1] AndroidManifest.xml:26:22-107
80
81    <permission
81-->[androidx.core:core:1.10.1] AndroidManifest.xml:22:5-24:47
82        android:name="com.igot.karmayogibharat.DYNAMIC_RECEIVER_NOT_EXPORTED_PERMISSION"
82-->[androidx.core:core:1.10.1] AndroidManifest.xml:23:9-81
83        android:protectionLevel="signature" />
83-->[androidx.core:core:1.10.1] AndroidManifest.xml:24:9-44
84
85    <uses-permission android:name="com.igot.karmayogibharat.DYNAMIC_RECEIVER_NOT_EXPORTED_PERMISSION" />
85-->[androidx.core:core:1.10.1] AndroidManifest.xml:26:5-97
85-->[androidx.core:core:1.10.1] AndroidManifest.xml:26:22-94
86
87    <application
88        android:name="android.app.Application"
89        android:appComponentFactory="androidx.core.app.CoreComponentFactory"
89-->[androidx.core:core:1.10.1] AndroidManifest.xml:28:18-86
90        android:debuggable="true"
91        android:enableOnBackInvokedCallback="true"
92        android:icon="@mipmap/ic_launcher"
93        android:label="iGOT Karmayogi"
94        android:requestLegacyExternalStorage="true"
95        android:usesCleartextTraffic="true" >
96        <activity
97            android:name="com.igot.karmayogibharat.MainActivity"
98            android:configChanges="orientation|keyboardHidden|keyboard|screenSize|smallestScreenSize|locale|layoutDirection|fontScale|screenLayout|density|uiMode"
99            android:exported="true"
100            android:hardwareAccelerated="true"
101            android:launchMode="singleInstance"
102            android:theme="@style/LaunchTheme"
103            android:windowSoftInputMode="adjustResize" >
104
105            <!--
106                 Specifies an Android theme to apply to this Activity as soon as
107                 the Android process has started. This theme is visible to the user
108                 while the Flutter UI initializes. After that, this theme continues
109                 to determine the Window background behind the Flutter UI.
110            -->
111            <meta-data
112                android:name="io.flutter.embedding.android.NormalTheme"
113                android:resource="@style/NormalTheme" />
114
115            <!--
116                 Displays an Android View that continues showing the launch screen
117                 Drawable until Flutter paints its first frame, then this splash
118                 screen fades out. A splash screen is useful to avoid any visual
119                 gap between the end of Android's launch screen and the painting of
120                 Flutter's first frame.
121            -->
122            <meta-data
123                android:name="io.flutter.embedding.android.SplashScreenDrawable"
124                android:resource="@drawable/launch_background" />
125
126            <intent-filter>
127                <action android:name="android.intent.action.MAIN" />
128
129                <category android:name="android.intent.category.LAUNCHER" />
130            </intent-filter>
131            <intent-filter android:autoVerify="true" >
132                <action android:name="android.intent.action.VIEW" />
132-->src/main/AndroidManifest.xml:26:13-65
132-->src/main/AndroidManifest.xml:26:21-62
133
134                <category android:name="android.intent.category.DEFAULT" />
135                <category android:name="android.intent.category.BROWSABLE" />
136                <!-- Accepts URIs that begin with https://YOUR_HOST -->
137                <data
137-->src/main/AndroidManifest.xml:27:13-44
138                    android:host="portal.karmayogi.nic.in"
139                    android:scheme="https" />
139-->src/main/AndroidManifest.xml:27:19-41
140            </intent-filter>
141            <intent-filter android:autoVerify="true" >
142                <action android:name="android.intent.action.VIEW" />
142-->src/main/AndroidManifest.xml:26:13-65
142-->src/main/AndroidManifest.xml:26:21-62
143
144                <category android:name="android.intent.category.DEFAULT" />
145                <category android:name="android.intent.category.BROWSABLE" />
146                <!-- Accepts URIs that begin with https://YOUR_HOST -->
147                <data
147-->src/main/AndroidManifest.xml:27:13-44
148                    android:host="portal.karmayogiqa.nic.in"
149                    android:scheme="https" />
149-->src/main/AndroidManifest.xml:27:19-41
150            </intent-filter>
151            <intent-filter android:autoVerify="true" >
152                <action android:name="android.intent.action.VIEW" />
152-->src/main/AndroidManifest.xml:26:13-65
152-->src/main/AndroidManifest.xml:26:21-62
153
154                <category android:name="android.intent.category.DEFAULT" />
155                <category android:name="android.intent.category.BROWSABLE" />
156                <!-- Accepts URIs that begin with https://YOUR_HOST -->
157                <data
157-->src/main/AndroidManifest.xml:27:13-44
158                    android:host="portal.karmayogibm.nic.in"
159                    android:scheme="https" />
159-->src/main/AndroidManifest.xml:27:19-41
160            </intent-filter>
161            <intent-filter android:autoVerify="true" >
162                <action android:name="android.intent.action.VIEW" />
162-->src/main/AndroidManifest.xml:26:13-65
162-->src/main/AndroidManifest.xml:26:21-62
163
164                <category android:name="android.intent.category.DEFAULT" />
165                <category android:name="android.intent.category.BROWSABLE" />
166                <!-- Accepts URIs that begin with https://YOUR_HOST -->
167                <data
167-->src/main/AndroidManifest.xml:27:13-44
168                    android:host="portal.igotkarmayogi.gov.in"
169                    android:scheme="https" />
169-->src/main/AndroidManifest.xml:27:19-41
170            </intent-filter>
171        </activity>
172
173        <meta-data
174            android:name="com.google.firebase.messaging.default_notification_channel_id"
175            android:value="General" />
176        <meta-data
177            android:name="com.google.firebase.messaging.default_notification_icon"
178            android:resource="@drawable/ic_launcher" />
179        <!-- <meta-data android:name="com.google.firebase.messaging.default_notification_color" android:resource="@android:color/black" /> -->
180
181
182        <!--
183             If you want your foreground service to be stopped if
184             your app is stopped, set android:stopWithTask to true.
185             See https://developer.android.com/reference/android/R.attr#stopWithTask
186        -->
187        <service
188            android:name="com.dexterous.flutterlocalnotifications.ForegroundService"
189            android:directBootAware="true"
190            android:exported="false"
191            android:stopWithTask="false" />
192
193        <receiver
194            android:name="com.dexterous.flutterlocalnotifications.ActionBroadcastReceiver"
195            android:exported="false" />
196        <receiver
197            android:name="com.dexterous.flutterlocalnotifications.ScheduledNotificationReceiver"
198            android:exported="false" />
199        <receiver
200            android:name="com.dexterous.flutterlocalnotifications.ScheduledNotificationBootReceiver"
201            android:exported="false" >
202            <intent-filter>
203                <action android:name="android.intent.action.BOOT_COMPLETED" />
204                <action android:name="android.intent.action.MY_PACKAGE_REPLACED" />
205                <action android:name="android.intent.action.QUICKBOOT_POWERON" />
206                <action android:name="com.htc.intent.action.QUICKBOOT_POWERON" />
207            </intent-filter>
208        </receiver>
209
210        <activity
211            android:name="com.yalantis.ucrop.UCropActivity"
212            android:screenOrientation="portrait"
213            android:theme="@style/Theme.AppCompat.Light.NoActionBar" />
214
215        <!--
216             Don't delete the meta-data below.
217             This is used by the Flutter tool to generate GeneratedPluginRegistrant.java
218        -->
219        <meta-data
220            android:name="flutterEmbedding"
221            android:value="2" />
222
223        <provider
224            android:name="androidx.core.content.FileProvider"
225            android:authorities="com.igot.karmayogibharat.flutter_inappwebview.fileprovider"
226            android:exported="false"
227            android:grantUriPermissions="true" >
228            <meta-data
228-->[:share_plus] AndroidManifest.xml:15:13-17:68
229                android:name="android.support.FILE_PROVIDER_PATHS"
229-->[:share_plus] AndroidManifest.xml:16:17-67
230                android:resource="@xml/provider_paths" />
230-->[:share_plus] AndroidManifest.xml:17:17-65
231        </provider>
232
233        <service
233-->[:firebase_messaging] AndroidManifest.xml:14:9-17:72
234            android:name="io.flutter.plugins.firebase.messaging.FlutterFirebaseMessagingBackgroundService"
234-->[:firebase_messaging] AndroidManifest.xml:15:13-107
235            android:exported="false"
235-->[:firebase_messaging] AndroidManifest.xml:16:13-37
236            android:permission="android.permission.BIND_JOB_SERVICE" />
236-->[:firebase_messaging] AndroidManifest.xml:17:13-69
237        <service
237-->[:firebase_messaging] AndroidManifest.xml:18:9-24:19
238            android:name="io.flutter.plugins.firebase.messaging.FlutterFirebaseMessagingService"
238-->[:firebase_messaging] AndroidManifest.xml:19:13-97
239            android:exported="false" >
239-->[:firebase_messaging] AndroidManifest.xml:20:13-37
240            <intent-filter>
240-->[:firebase_messaging] AndroidManifest.xml:21:13-23:29
241                <action android:name="com.google.firebase.MESSAGING_EVENT" />
241-->[:firebase_messaging] AndroidManifest.xml:22:17-78
241-->[:firebase_messaging] AndroidManifest.xml:22:25-75
242            </intent-filter>
243        </service>
244
245        <receiver
245-->[:firebase_messaging] AndroidManifest.xml:26:9-33:20
246            android:name="io.flutter.plugins.firebase.messaging.FlutterFirebaseMessagingReceiver"
246-->[:firebase_messaging] AndroidManifest.xml:27:13-98
247            android:exported="true"
247-->[:firebase_messaging] AndroidManifest.xml:28:13-36
248            android:permission="com.google.android.c2dm.permission.SEND" >
248-->[:firebase_messaging] AndroidManifest.xml:29:13-73
249            <intent-filter>
249-->[:firebase_messaging] AndroidManifest.xml:30:13-32:29
250                <action android:name="com.google.android.c2dm.intent.RECEIVE" />
250-->[:firebase_messaging] AndroidManifest.xml:31:17-81
250-->[:firebase_messaging] AndroidManifest.xml:31:25-78
251            </intent-filter>
252        </receiver>
253
254        <service
254-->[:firebase_messaging] AndroidManifest.xml:35:9-39:19
255            android:name="com.google.firebase.components.ComponentDiscoveryService"
255-->[:firebase_messaging] AndroidManifest.xml:35:18-89
256            android:directBootAware="true"
256-->[com.google.firebase:firebase-common:20.1.2] AndroidManifest.xml:35:13-43
257            android:exported="false" >
257-->[com.google.firebase:firebase-messaging:23.0.8] AndroidManifest.xml:55:13-37
258            <meta-data
258-->[:firebase_messaging] AndroidManifest.xml:36:13-38:85
259                android:name="com.google.firebase.components:io.flutter.plugins.firebase.messaging.FlutterFirebaseAppRegistrar"
259-->[:firebase_messaging] AndroidManifest.xml:37:17-128
260                android:value="com.google.firebase.components.ComponentRegistrar" />
260-->[:firebase_messaging] AndroidManifest.xml:38:17-82
261            <meta-data
261-->[:firebase_crashlytics] AndroidManifest.xml:11:13-13:85
262                android:name="com.google.firebase.components:io.flutter.plugins.firebase.crashlytics.FlutterFirebaseAppRegistrar"
262-->[:firebase_crashlytics] AndroidManifest.xml:12:17-130
263                android:value="com.google.firebase.components.ComponentRegistrar" />
263-->[:firebase_crashlytics] AndroidManifest.xml:13:17-82
264            <meta-data
264-->[:firebase_analytics] AndroidManifest.xml:15:13-17:85
265                android:name="com.google.firebase.components:io.flutter.plugins.firebase.analytics.FlutterFirebaseAppRegistrar"
265-->[:firebase_analytics] AndroidManifest.xml:16:17-128
266                android:value="com.google.firebase.components.ComponentRegistrar" />
266-->[:firebase_analytics] AndroidManifest.xml:17:17-82
267            <meta-data
267-->[:firebase_core] AndroidManifest.xml:11:13-13:85
268                android:name="com.google.firebase.components:io.flutter.plugins.firebase.core.FlutterFirebaseCoreRegistrar"
268-->[:firebase_core] AndroidManifest.xml:12:17-124
269                android:value="com.google.firebase.components.ComponentRegistrar" />
269-->[:firebase_core] AndroidManifest.xml:13:17-82
270            <meta-data
270-->[com.google.firebase:firebase-messaging:23.0.8] AndroidManifest.xml:56:13-58:85
271                android:name="com.google.firebase.components:com.google.firebase.messaging.FirebaseMessagingRegistrar"
271-->[com.google.firebase:firebase-messaging:23.0.8] AndroidManifest.xml:57:17-119
272                android:value="com.google.firebase.components.ComponentRegistrar" />
272-->[com.google.firebase:firebase-messaging:23.0.8] AndroidManifest.xml:58:17-82
273            <meta-data
273-->[com.google.firebase:firebase-crashlytics:18.2.13] AndroidManifest.xml:18:13-20:85
274                android:name="com.google.firebase.components:com.google.firebase.crashlytics.CrashlyticsRegistrar"
274-->[com.google.firebase:firebase-crashlytics:18.2.13] AndroidManifest.xml:19:17-115
275                android:value="com.google.firebase.components.ComponentRegistrar" />
275-->[com.google.firebase:firebase-crashlytics:18.2.13] AndroidManifest.xml:20:17-82
276            <meta-data
276-->[com.google.android.gms:play-services-measurement-api:21.1.1] AndroidManifest.xml:31:13-33:85
277                android:name="com.google.firebase.components:com.google.firebase.analytics.connector.internal.AnalyticsConnectorRegistrar"
277-->[com.google.android.gms:play-services-measurement-api:21.1.1] AndroidManifest.xml:32:17-139
278                android:value="com.google.firebase.components.ComponentRegistrar" />
278-->[com.google.android.gms:play-services-measurement-api:21.1.1] AndroidManifest.xml:33:17-82
279            <meta-data
279-->[com.google.firebase:firebase-datatransport:18.1.6] AndroidManifest.xml:28:13-30:85
280                android:name="com.google.firebase.components:com.google.firebase.datatransport.TransportRegistrar"
280-->[com.google.firebase:firebase-datatransport:18.1.6] AndroidManifest.xml:29:17-115
281                android:value="com.google.firebase.components.ComponentRegistrar" />
281-->[com.google.firebase:firebase-datatransport:18.1.6] AndroidManifest.xml:30:17-82
282            <meta-data
282-->[com.google.firebase:firebase-installations:17.0.3] AndroidManifest.xml:18:13-20:85
283                android:name="com.google.firebase.components:com.google.firebase.installations.FirebaseInstallationsRegistrar"
283-->[com.google.firebase:firebase-installations:17.0.3] AndroidManifest.xml:19:17-127
284                android:value="com.google.firebase.components.ComponentRegistrar" />
284-->[com.google.firebase:firebase-installations:17.0.3] AndroidManifest.xml:20:17-82
285        </service>
286
287        <provider
287-->[:firebase_messaging] AndroidManifest.xml:41:9-45:38
288            android:name="io.flutter.plugins.firebase.messaging.FlutterFirebaseMessagingInitProvider"
288-->[:firebase_messaging] AndroidManifest.xml:42:13-102
289            android:authorities="com.igot.karmayogibharat.flutterfirebasemessaginginitprovider"
289-->[:firebase_messaging] AndroidManifest.xml:43:13-88
290            android:exported="false"
290-->[:firebase_messaging] AndroidManifest.xml:44:13-37
291            android:initOrder="99" />
291-->[:firebase_messaging] AndroidManifest.xml:45:13-35
292
293        <service
293-->[:geolocator_android] AndroidManifest.xml:12:9-16:56
294            android:name="com.baseflow.geolocator.GeolocatorLocationService"
294-->[:geolocator_android] AndroidManifest.xml:13:13-77
295            android:enabled="true"
295-->[:geolocator_android] AndroidManifest.xml:14:13-35
296            android:exported="false"
296-->[:geolocator_android] AndroidManifest.xml:15:13-37
297            android:foregroundServiceType="location" />
297-->[:geolocator_android] AndroidManifest.xml:16:13-53
298
299        <activity
299-->[:flutter_inappwebview] AndroidManifest.xml:16:9-20:47
300            android:name="com.pichillilorenzo.flutter_inappwebview.in_app_browser.InAppBrowserActivity"
300-->[:flutter_inappwebview] AndroidManifest.xml:17:13-104
301            android:configChanges="orientation|keyboardHidden|keyboard|screenSize|locale|layoutDirection|fontScale|screenLayout|density"
301-->[:flutter_inappwebview] AndroidManifest.xml:18:13-137
302            android:exported="false"
302-->[:flutter_inappwebview] AndroidManifest.xml:19:13-37
303            android:theme="@style/AppTheme" />
303-->[:flutter_inappwebview] AndroidManifest.xml:20:13-44
304        <activity
304-->[:flutter_inappwebview] AndroidManifest.xml:21:9-24:55
305            android:name="com.pichillilorenzo.flutter_inappwebview.chrome_custom_tabs.ChromeCustomTabsActivity"
305-->[:flutter_inappwebview] AndroidManifest.xml:22:13-112
306            android:exported="false"
306-->[:flutter_inappwebview] AndroidManifest.xml:23:13-37
307            android:theme="@style/ThemeTransparent" />
307-->[:flutter_inappwebview] AndroidManifest.xml:24:13-52
308        <activity
308-->[:flutter_inappwebview] AndroidManifest.xml:25:9-28:55
309            android:name="com.pichillilorenzo.flutter_inappwebview.chrome_custom_tabs.TrustedWebActivity"
309-->[:flutter_inappwebview] AndroidManifest.xml:26:13-106
310            android:exported="false"
310-->[:flutter_inappwebview] AndroidManifest.xml:27:13-37
311            android:theme="@style/ThemeTransparent" />
311-->[:flutter_inappwebview] AndroidManifest.xml:28:13-52
312        <activity
312-->[:flutter_inappwebview] AndroidManifest.xml:29:9-33:55
313            android:name="com.pichillilorenzo.flutter_inappwebview.chrome_custom_tabs.ChromeCustomTabsActivitySingleInstance"
313-->[:flutter_inappwebview] AndroidManifest.xml:30:13-126
314            android:exported="false"
314-->[:flutter_inappwebview] AndroidManifest.xml:31:13-37
315            android:launchMode="singleInstance"
315-->[:flutter_inappwebview] AndroidManifest.xml:32:13-48
316            android:theme="@style/ThemeTransparent" />
316-->[:flutter_inappwebview] AndroidManifest.xml:33:13-52
317        <activity
317-->[:flutter_inappwebview] AndroidManifest.xml:34:9-38:55
318            android:name="com.pichillilorenzo.flutter_inappwebview.chrome_custom_tabs.TrustedWebActivitySingleInstance"
318-->[:flutter_inappwebview] AndroidManifest.xml:35:13-120
319            android:exported="false"
319-->[:flutter_inappwebview] AndroidManifest.xml:36:13-37
320            android:launchMode="singleInstance"
320-->[:flutter_inappwebview] AndroidManifest.xml:37:13-48
321            android:theme="@style/ThemeTransparent" />
321-->[:flutter_inappwebview] AndroidManifest.xml:38:13-52
322
323        <receiver
323-->[:flutter_inappwebview] AndroidManifest.xml:40:9-43:40
324            android:name="com.pichillilorenzo.flutter_inappwebview.chrome_custom_tabs.ActionBroadcastReceiver"
324-->[:flutter_inappwebview] AndroidManifest.xml:41:13-111
325            android:enabled="true"
325-->[:flutter_inappwebview] AndroidManifest.xml:42:13-35
326            android:exported="false" />
326-->[:flutter_inappwebview] AndroidManifest.xml:43:13-37
327
328        <meta-data
328-->[:flutter_inappwebview] AndroidManifest.xml:45:9-47:36
329            android:name="io.flutter.embedded_views_preview"
329-->[:flutter_inappwebview] AndroidManifest.xml:46:13-61
330            android:value="true" />
330-->[:flutter_inappwebview] AndroidManifest.xml:47:13-33
331
332        <provider
332-->[:share_plus] AndroidManifest.xml:10:9-18:20
333            android:name="dev.fluttercommunity.plus.share.ShareFileProvider"
333-->[:share_plus] AndroidManifest.xml:11:13-77
334            android:authorities="com.igot.karmayogibharat.flutter.share_provider"
334-->[:share_plus] AndroidManifest.xml:12:13-74
335            android:exported="false"
335-->[:share_plus] AndroidManifest.xml:13:13-37
336            android:grantUriPermissions="true" >
336-->[:share_plus] AndroidManifest.xml:14:13-47
337            <meta-data
337-->[:share_plus] AndroidManifest.xml:15:13-17:68
338                android:name="android.support.FILE_PROVIDER_PATHS"
338-->[:share_plus] AndroidManifest.xml:16:17-67
339                android:resource="@xml/flutter_share_file_paths" />
339-->[:share_plus] AndroidManifest.xml:17:17-65
340        </provider>
341        <provider
341-->[:image_picker_android] AndroidManifest.xml:10:9-18:20
342            android:name="io.flutter.plugins.imagepicker.ImagePickerFileProvider"
342-->[:image_picker_android] AndroidManifest.xml:11:13-82
343            android:authorities="com.igot.karmayogibharat.flutter.image_provider"
343-->[:image_picker_android] AndroidManifest.xml:12:13-74
344            android:exported="false"
344-->[:image_picker_android] AndroidManifest.xml:13:13-37
345            android:grantUriPermissions="true" >
345-->[:image_picker_android] AndroidManifest.xml:14:13-47
346            <meta-data
346-->[:share_plus] AndroidManifest.xml:15:13-17:68
347                android:name="android.support.FILE_PROVIDER_PATHS"
347-->[:share_plus] AndroidManifest.xml:16:17-67
348                android:resource="@xml/flutter_image_picker_file_paths" />
348-->[:share_plus] AndroidManifest.xml:17:17-65
349        </provider>
350
351        <activity
351-->[:url_launcher_android] AndroidManifest.xml:10:9-13:74
352            android:name="io.flutter.plugins.urllauncher.WebViewActivity"